2019-07-07 20:44:18,298 [Worker-5: Loading available Gradle versions] INFO  o.e.b.c.i.u.g.PublishedGradleVersions - Gradle version information cache is out-of-date. Trying to update.
2019-07-07 20:47:10,415 [Worker-2: Importing Maven projects] INFO  o.e.m.c.i.l.LifecycleMappingFactory - Using org.maven.ide.eclipse.wtp.WarLifecycleMapping lifecycle mapping for MavenProject: org.tec:testRest:1.0-SNAPSHOT @ /home/dante/Mi carpeta compartida/Codigos fuente/Maven/testRest/pom.xml.
2019-07-07 20:47:11,762 [Worker-2: Importing Maven projects] INFO  o.e.m.j.i.AbstractJavaProjectConfigurator - Adding source folder /testRest/src/main/java
2019-07-07 20:47:11,763 [Worker-2: Importing Maven projects] INFO  o.e.m.j.i.AbstractJavaProjectConfigurator - Adding source folder /testRest/src/test/java
2019-07-07 20:47:15,009 [Worker-2: Importing Maven projects] INFO  o.e.m.c.i.p.ProjectConfigurationManager - Imported and configured 1 project(s) in 5 sec
2019-07-07 20:47:18,004 [Worker-2: Discover lifecycle mappings] INFO  o.e.m.i.discovery.MavenDiscovery - No lifecyle mapping found at jar:file:/tmp/RemoteBundleDiscoveryStrategy4122142913669148752.tmp/org.eclipse.m2e.discovery.oss_catalog_1.6.jar_5432373122233604901.jar!/lifecycle%2Forg.eclipse.m2e.discovery.lifecyclemapping.m2e-egit.xml
2019-07-07 20:47:18,009 [Worker-2: Discover lifecycle mappings] WARN  o.e.m.i.discovery.MavenDiscovery - CatalogItem org.eclipse.m2e.discovery.lifecyclemapping.m2e-egit does not contain lifecycle mapping metadata
2019-07-07 20:47:18,011 [Worker-2: Discover lifecycle mappings] INFO  o.e.m.i.discovery.MavenDiscovery - No lifecyle mapping found at jar:file:/tmp/RemoteBundleDiscoveryStrategy4122142913669148752.tmp/org.eclipse.m2e.discovery.oss_catalog_1.6.jar_5432373122233604901.jar!/lifecycle%2Forg.eclipse.m2e.discovery.lifecyclemapping.m2e-subversive.xml
2019-07-07 20:47:18,013 [Worker-2: Discover lifecycle mappings] WARN  o.e.m.i.discovery.MavenDiscovery - CatalogItem org.eclipse.m2e.discovery.lifecyclemapping.m2e-subversive does not contain lifecycle mapping metadata
2019-07-07 20:47:19,429 [Worker-2: Building workspace] WARN  o.e.m.c.i.embedder.EclipseLogger - Using platform encoding (UTF-8 actually) to copy filtered resources, i.e. build is platform dependent!
2019-07-07 20:47:19,430 [Worker-2: Building workspace] INFO  o.e.m.c.i.embedder.EclipseLogger - skip non existing resourceDirectory /home/dante/Mi carpeta compartida/Codigos fuente/Maven/testRest/src/main/resources
2019-07-07 20:47:19,435 [Worker-2: Building workspace] WARN  o.e.m.c.i.embedder.EclipseLogger - Using platform encoding (UTF-8 actually) to copy filtered resources, i.e. build is platform dependent!
2019-07-07 20:47:19,436 [Worker-2: Building workspace] INFO  o.e.m.c.i.embedder.EclipseLogger - skip non existing resourceDirectory /home/dante/Mi carpeta compartida/Codigos fuente/Maven/testRest/src/test/resources
2019-07-07 20:47:51,192 [Worker-10: Building workspace] INFO  o.e.m.c.i.l.LifecycleMappingFactory - Using org.maven.ide.eclipse.wtp.WarLifecycleMapping lifecycle mapping for MavenProject: org.tec:testRest:1.0-SNAPSHOT @ /home/dante/Mi carpeta compartida/Codigos fuente/Maven/testRest/pom.xml.
2019-07-07 20:47:52,047 [Worker-10: Building workspace] WARN  o.e.m.c.i.embedder.EclipseLogger - Using platform encoding (UTF-8 actually) to copy filtered resources, i.e. build is platform dependent!
2019-07-07 20:47:52,049 [Worker-10: Building workspace] INFO  o.e.m.c.i.embedder.EclipseLogger - skip non existing resourceDirectory /home/dante/Mi carpeta compartida/Codigos fuente/Maven/testRest/src/main/resources
2019-07-07 20:47:52,056 [Worker-10: Building workspace] WARN  o.e.m.c.i.embedder.EclipseLogger - Using platform encoding (UTF-8 actually) to copy filtered resources, i.e. build is platform dependent!
2019-07-07 20:47:52,057 [Worker-10: Building workspace] INFO  o.e.m.c.i.embedder.EclipseLogger - skip non existing resourceDirectory /home/dante/Mi carpeta compartida/Codigos fuente/Maven/testRest/src/test/resources
2019-07-07 20:47:52,060 [Worker-10: Building workspace] INFO  o.e.m.w.i.f.ResourceFilteringBuildParticipant - Changed resources require a complete clean of filtered resources of testRest
2019-07-07 20:47:52,061 [Worker-10: Building workspace] INFO  o.e.m.w.i.f.ResourceFilteringBuildParticipant - Executing resource filtering for testRest
2019-07-07 20:47:52,073 [Worker-10: Building workspace] WARN  o.e.m.c.i.embedder.EclipseLogger - Using platform encoding (UTF-8 actually) to copy filtered resources, i.e. build is platform dependent!
2019-07-07 20:48:14,781 [Worker-3: Building workspace] WARN  o.e.m.c.i.embedder.EclipseLogger - Using platform encoding (UTF-8 actually) to copy filtered resources, i.e. build is platform dependent!
2019-07-07 20:48:14,782 [Worker-3: Building workspace] INFO  o.e.m.c.i.embedder.EclipseLogger - skip non existing resourceDirectory /home/dante/Mi carpeta compartida/Codigos fuente/Maven/testRest/src/main/resources
2019-07-07 20:48:14,784 [Worker-3: Building workspace] WARN  o.e.m.c.i.embedder.EclipseLogger - Using platform encoding (UTF-8 actually) to copy filtered resources, i.e. build is platform dependent!
2019-07-07 20:48:14,784 [Worker-3: Building workspace] INFO  o.e.m.c.i.embedder.EclipseLogger - skip non existing resourceDirectory /home/dante/Mi carpeta compartida/Codigos fuente/Maven/testRest/src/test/resources
2019-07-07 20:48:24,104 [Worker-9: Launching Executing install in _home_dante_Mi carpeta compartida_Codigos fuente_Maven_testRest] INFO  o.e.m.i.launch.MavenLaunchDelegate - /home/dante/Mi carpeta compartida/Codigos fuente/Maven/testRest
2019-07-07 20:48:24,105 [Worker-9: Launching Executing install in _home_dante_Mi carpeta compartida_Codigos fuente_Maven_testRest] INFO  o.e.m.i.launch.MavenLaunchDelegate -  mvn -B install
2019-07-07 20:48:28,683 [Worker-11: Building workspace] WARN  o.e.m.c.i.embedder.EclipseLogger - Using platform encoding (UTF-8 actually) to copy filtered resources, i.e. build is platform dependent!
2019-07-07 20:48:28,684 [Worker-11: Building workspace] INFO  o.e.m.c.i.embedder.EclipseLogger - skip non existing resourceDirectory /home/dante/Mi carpeta compartida/Codigos fuente/Maven/testRest/src/main/resources
2019-07-07 20:48:28,686 [Worker-11: Building workspace] WARN  o.e.m.c.i.embedder.EclipseLogger - Using platform encoding (UTF-8 actually) to copy filtered resources, i.e. build is platform dependent!
2019-07-07 20:48:28,687 [Worker-11: Building workspace] INFO  o.e.m.c.i.embedder.EclipseLogger - skip non existing resourceDirectory /home/dante/Mi carpeta compartida/Codigos fuente/Maven/testRest/src/test/resources
2019-07-07 20:48:49,702 [Worker-12: Launching Executing install in _home_dante_Mi carpeta compartida_Codigos fuente_Maven_testRest] INFO  o.e.m.i.launch.MavenLaunchDelegate - /home/dante/Mi carpeta compartida/Codigos fuente/Maven/testRest
2019-07-07 20:48:49,703 [Worker-12: Launching Executing install in _home_dante_Mi carpeta compartida_Codigos fuente_Maven_testRest] INFO  o.e.m.i.launch.MavenLaunchDelegate -  mvn -B install
2019-07-07 20:48:59,195 [Worker-12: Building workspace] WARN  o.e.m.c.i.embedder.EclipseLogger - Using platform encoding (UTF-8 actually) to copy filtered resources, i.e. build is platform dependent!
2019-07-07 20:48:59,195 [Worker-12: Building workspace] INFO  o.e.m.c.i.embedder.EclipseLogger - skip non existing resourceDirectory /home/dante/Mi carpeta compartida/Codigos fuente/Maven/testRest/src/main/resources
2019-07-07 20:48:59,196 [Worker-12: Building workspace] WARN  o.e.m.c.i.embedder.EclipseLogger - Using platform encoding (UTF-8 actually) to copy filtered resources, i.e. build is platform dependent!
2019-07-07 20:48:59,197 [Worker-12: Building workspace] INFO  o.e.m.c.i.embedder.EclipseLogger - skip non existing resourceDirectory /home/dante/Mi carpeta compartida/Codigos fuente/Maven/testRest/src/test/resources
2019-07-07 20:49:43,839 [Worker-12: Importing Maven projects] INFO  o.e.m.c.i.l.LifecycleMappingFactory - Using org.maven.ide.eclipse.wtp.WarLifecycleMapping lifecycle mapping for MavenProject: org.tec:TestSoap:1.0-SNAPSHOT @ /home/dante/Mi carpeta compartida/Codigos fuente/Maven/TestSoap/pom.xml.
2019-07-07 20:49:44,756 [Worker-12: Importing Maven projects] INFO  o.e.m.c.i.e.AbstractTransferListenerAdapter - Downloading https://repo.maven.apache.org/maven2/org/apache/cxf/cxf-rt-frontend-jaxws/3.2.9/cxf-rt-frontend-jaxws-3.2.9.pom
2019-07-07 20:49:44,884 [Worker-12: Importing Maven projects] INFO  o.e.m.c.i.e.AbstractTransferListenerAdapter - Downloaded https://repo.maven.apache.org/maven2/org/apache/cxf/cxf-rt-frontend-jaxws/3.2.9/cxf-rt-frontend-jaxws-3.2.9.pom
2019-07-07 20:49:45,012 [Worker-12: Importing Maven projects] INFO  o.e.m.c.i.e.AbstractTransferListenerAdapter - Downloading https://repo.maven.apache.org/maven2/xml-resolver/xml-resolver/1.2/xml-resolver-1.2.pom
2019-07-07 20:49:45,167 [Worker-12: Importing Maven projects] INFO  o.e.m.c.i.e.AbstractTransferListenerAdapter - Downloaded https://repo.maven.apache.org/maven2/xml-resolver/xml-resolver/1.2/xml-resolver-1.2.pom
2019-07-07 20:49:45,303 [Worker-12: Importing Maven projects] INFO  o.e.m.c.i.e.AbstractTransferListenerAdapter - Downloading https://repo.maven.apache.org/maven2/org/ow2/asm/asm/7.0/asm-7.0.pom
2019-07-07 20:49:45,434 [Worker-12: Importing Maven projects] INFO  o.e.m.c.i.e.AbstractTransferListenerAdapter - Downloaded https://repo.maven.apache.org/maven2/org/ow2/asm/asm/7.0/asm-7.0.pom
2019-07-07 20:49:45,582 [Worker-12: Importing Maven projects] INFO  o.e.m.c.i.e.AbstractTransferListenerAdapter - Downloading https://repo.maven.apache.org/maven2/org/apache/cxf/cxf-core/3.2.9/cxf-core-3.2.9.pom
2019-07-07 20:49:45,916 [Worker-12: Importing Maven projects] INFO  o.e.m.c.i.e.AbstractTransferListenerAdapter - Downloaded https://repo.maven.apache.org/maven2/org/apache/cxf/cxf-core/3.2.9/cxf-core-3.2.9.pom
2019-07-07 20:49:46,074 [Worker-12: Importing Maven projects] INFO  o.e.m.c.i.e.AbstractTransferListenerAdapter - Downloading https://repo.maven.apache.org/maven2/org/apache/ws/xmlschema/xmlschema-core/2.2.4/xmlschema-core-2.2.4.pom
2019-07-07 20:49:46,222 [Worker-12: Importing Maven projects] INFO  o.e.m.c.i.e.AbstractTransferListenerAdapter - Downloaded https://repo.maven.apache.org/maven2/org/apache/ws/xmlschema/xmlschema-core/2.2.4/xmlschema-core-2.2.4.pom
2019-07-07 20:49:46,348 [Worker-12: Importing Maven projects] INFO  o.e.m.c.i.e.AbstractTransferListenerAdapter - Downloading https://repo.maven.apache.org/maven2/org/apache/ws/xmlschema/xmlschema/2.2.4/xmlschema-2.2.4.pom
2019-07-07 20:49:46,553 [Worker-12: Importing Maven projects] INFO  o.e.m.c.i.e.AbstractTransferListenerAdapter - Downloaded https://repo.maven.apache.org/maven2/org/apache/ws/xmlschema/xmlschema/2.2.4/xmlschema-2.2.4.pom
2019-07-07 20:49:46,712 [Worker-12: Importing Maven projects] INFO  o.e.m.c.i.e.AbstractTransferListenerAdapter - Downloading https://repo.maven.apache.org/maven2/org/apache/cxf/cxf-rt-bindings-soap/3.2.9/cxf-rt-bindings-soap-3.2.9.pom
2019-07-07 20:49:46,847 [Worker-12: Importing Maven projects] INFO  o.e.m.c.i.e.AbstractTransferListenerAdapter - Downloaded https://repo.maven.apache.org/maven2/org/apache/cxf/cxf-rt-bindings-soap/3.2.9/cxf-rt-bindings-soap-3.2.9.pom
2019-07-07 20:49:46,997 [Worker-12: Importing Maven projects] INFO  o.e.m.c.i.e.AbstractTransferListenerAdapter - Downloading https://repo.maven.apache.org/maven2/org/apache/cxf/cxf-rt-wsdl/3.2.9/cxf-rt-wsdl-3.2.9.pom
2019-07-07 20:49:47,142 [Worker-12: Importing Maven projects] INFO  o.e.m.c.i.e.AbstractTransferListenerAdapter - Downloaded https://repo.maven.apache.org/maven2/org/apache/cxf/cxf-rt-wsdl/3.2.9/cxf-rt-wsdl-3.2.9.pom
2019-07-07 20:49:47,293 [Worker-12: Importing Maven projects] INFO  o.e.m.c.i.e.AbstractTransferListenerAdapter - Downloading https://repo.maven.apache.org/maven2/wsdl4j/wsdl4j/1.6.3/wsdl4j-1.6.3.pom
2019-07-07 20:49:47,426 [Worker-12: Importing Maven projects] INFO  o.e.m.c.i.e.AbstractTransferListenerAdapter - Downloaded https://repo.maven.apache.org/maven2/wsdl4j/wsdl4j/1.6.3/wsdl4j-1.6.3.pom
2019-07-07 20:49:47,568 [Worker-12: Importing Maven projects] INFO  o.e.m.c.i.e.AbstractTransferListenerAdapter - Downloading https://repo.maven.apache.org/maven2/org/apache/cxf/cxf-rt-databinding-jaxb/3.2.9/cxf-rt-databinding-jaxb-3.2.9.pom
2019-07-07 20:49:47,706 [Worker-12: Importing Maven projects] INFO  o.e.m.c.i.e.AbstractTransferListenerAdapter - Downloaded https://repo.maven.apache.org/maven2/org/apache/cxf/cxf-rt-databinding-jaxb/3.2.9/cxf-rt-databinding-jaxb-3.2.9.pom
2019-07-07 20:49:47,851 [Worker-12: Importing Maven projects] INFO  o.e.m.c.i.e.AbstractTransferListenerAdapter - Downloading https://repo.maven.apache.org/maven2/org/apache/cxf/cxf-rt-bindings-xml/3.2.9/cxf-rt-bindings-xml-3.2.9.pom
2019-07-07 20:49:47,978 [Worker-12: Importing Maven projects] INFO  o.e.m.c.i.e.AbstractTransferListenerAdapter - Downloaded https://repo.maven.apache.org/maven2/org/apache/cxf/cxf-rt-bindings-xml/3.2.9/cxf-rt-bindings-xml-3.2.9.pom
2019-07-07 20:49:48,116 [Worker-12: Importing Maven projects] INFO  o.e.m.c.i.e.AbstractTransferListenerAdapter - Downloading https://repo.maven.apache.org/maven2/org/apache/cxf/cxf-rt-frontend-simple/3.2.9/cxf-rt-frontend-simple-3.2.9.pom
2019-07-07 20:49:48,251 [Worker-12: Importing Maven projects] INFO  o.e.m.c.i.e.AbstractTransferListenerAdapter - Downloaded https://repo.maven.apache.org/maven2/org/apache/cxf/cxf-rt-frontend-simple/3.2.9/cxf-rt-frontend-simple-3.2.9.pom
2019-07-07 20:49:48,392 [Worker-12: Importing Maven projects] INFO  o.e.m.c.i.e.AbstractTransferListenerAdapter - Downloading https://repo.maven.apache.org/maven2/org/apache/cxf/cxf-rt-ws-addr/3.2.9/cxf-rt-ws-addr-3.2.9.pom
2019-07-07 20:49:48,528 [Worker-12: Importing Maven projects] INFO  o.e.m.c.i.e.AbstractTransferListenerAdapter - Downloaded https://repo.maven.apache.org/maven2/org/apache/cxf/cxf-rt-ws-addr/3.2.9/cxf-rt-ws-addr-3.2.9.pom
2019-07-07 20:49:48,683 [Worker-12: Importing Maven projects] INFO  o.e.m.c.i.e.AbstractTransferListenerAdapter - Downloading https://repo.maven.apache.org/maven2/org/apache/cxf/cxf-rt-ws-policy/3.2.9/cxf-rt-ws-policy-3.2.9.pom
2019-07-07 20:49:48,818 [Worker-12: Importing Maven projects] INFO  o.e.m.c.i.e.AbstractTransferListenerAdapter - Downloaded https://repo.maven.apache.org/maven2/org/apache/cxf/cxf-rt-ws-policy/3.2.9/cxf-rt-ws-policy-3.2.9.pom
2019-07-07 20:49:49,097 [Worker-12: Importing Maven projects] INFO  o.e.m.c.i.e.AbstractTransferListenerAdapter - Downloading https://repo.maven.apache.org/maven2/org/apache/neethi/neethi/3.1.1/neethi-3.1.1.pom
2019-07-07 20:49:49,225 [Worker-12: Importing Maven projects] INFO  o.e.m.c.i.e.AbstractTransferListenerAdapter - Downloaded https://repo.maven.apache.org/maven2/org/apache/neethi/neethi/3.1.1/neethi-3.1.1.pom
2019-07-07 20:49:49,354 [Worker-12: Importing Maven projects] INFO  o.e.m.c.i.e.AbstractTransferListenerAdapter - Downloading https://repo.maven.apache.org/maven2/org/apache/cxf/cxf-rt-transports-http/3.2.9/cxf-rt-transports-http-3.2.9.pom
2019-07-07 20:49:49,511 [Worker-12: Importing Maven projects] INFO  o.e.m.c.i.e.AbstractTransferListenerAdapter - Downloaded https://repo.maven.apache.org/maven2/org/apache/cxf/cxf-rt-transports-http/3.2.9/cxf-rt-transports-http-3.2.9.pom
2019-07-07 20:49:49,657 [Worker-12: Importing Maven projects] INFO  o.e.m.c.i.e.AbstractTransferListenerAdapter - Downloading https://repo.maven.apache.org/maven2/org/springframework/spring-web/4.3.22.RELEASE/spring-web-4.3.22.RELEASE.pom
2019-07-07 20:49:49,805 [Worker-12: Importing Maven projects] INFO  o.e.m.c.i.e.AbstractTransferListenerAdapter - Downloaded https://repo.maven.apache.org/maven2/org/springframework/spring-web/4.3.22.RELEASE/spring-web-4.3.22.RELEASE.pom
2019-07-07 20:49:49,933 [Worker-12: Importing Maven projects] INFO  o.e.m.c.i.e.AbstractTransferListenerAdapter - Downloading https://repo.maven.apache.org/maven2/org/springframework/spring-aop/4.3.22.RELEASE/spring-aop-4.3.22.RELEASE.pom
2019-07-07 20:49:50,051 [Worker-12: Importing Maven projects] INFO  o.e.m.c.i.e.AbstractTransferListenerAdapter - Downloaded https://repo.maven.apache.org/maven2/org/springframework/spring-aop/4.3.22.RELEASE/spring-aop-4.3.22.RELEASE.pom
2019-07-07 20:49:50,187 [Worker-12: Importing Maven projects] INFO  o.e.m.c.i.e.AbstractTransferListenerAdapter - Downloading https://repo.maven.apache.org/maven2/org/springframework/spring-beans/4.3.22.RELEASE/spring-beans-4.3.22.RELEASE.pom
2019-07-07 20:49:50,321 [Worker-12: Importing Maven projects] INFO  o.e.m.c.i.e.AbstractTransferListenerAdapter - Downloaded https://repo.maven.apache.org/maven2/org/springframework/spring-beans/4.3.22.RELEASE/spring-beans-4.3.22.RELEASE.pom
2019-07-07 20:49:50,444 [Worker-12: Importing Maven projects] INFO  o.e.m.c.i.e.AbstractTransferListenerAdapter - Downloading https://repo.maven.apache.org/maven2/org/springframework/spring-core/4.3.22.RELEASE/spring-core-4.3.22.RELEASE.pom
2019-07-07 20:49:50,553 [Worker-12: Importing Maven projects] INFO  o.e.m.c.i.e.AbstractTransferListenerAdapter - Downloaded https://repo.maven.apache.org/maven2/org/springframework/spring-core/4.3.22.RELEASE/spring-core-4.3.22.RELEASE.pom
2019-07-07 20:49:50,691 [Worker-12: Importing Maven projects] INFO  o.e.m.c.i.e.AbstractTransferListenerAdapter - Downloading https://repo.maven.apache.org/maven2/org/springframework/spring-context/4.3.22.RELEASE/spring-context-4.3.22.RELEASE.pom
2019-07-07 20:49:50,815 [Worker-12: Importing Maven projects] INFO  o.e.m.c.i.e.AbstractTransferListenerAdapter - Downloaded https://repo.maven.apache.org/maven2/org/springframework/spring-context/4.3.22.RELEASE/spring-context-4.3.22.RELEASE.pom
2019-07-07 20:49:50,946 [Worker-12: Importing Maven projects] INFO  o.e.m.c.i.e.AbstractTransferListenerAdapter - Downloading https://repo.maven.apache.org/maven2/org/springframework/spring-expression/4.3.22.RELEASE/spring-expression-4.3.22.RELEASE.pom
2019-07-07 20:49:51,079 [Worker-12: Importing Maven projects] INFO  o.e.m.c.i.e.AbstractTransferListenerAdapter - Downloaded https://repo.maven.apache.org/maven2/org/springframework/spring-expression/4.3.22.RELEASE/spring-expression-4.3.22.RELEASE.pom
2019-07-07 20:49:51,226 [Worker-12: Importing Maven projects] INFO  o.e.m.c.i.e.AbstractTransferListenerAdapter - Downloading https://repo.maven.apache.org/maven2/org/apache/cxf/cxf-rt-frontend-jaxws/3.2.9/cxf-rt-frontend-jaxws-3.2.9.jar
2019-07-07 20:49:52,887 [Worker-12: Importing Maven projects] INFO  o.e.m.c.i.e.AbstractTransferListenerAdapter - Downloaded https://repo.maven.apache.org/maven2/org/apache/cxf/cxf-rt-frontend-jaxws/3.2.9/cxf-rt-frontend-jaxws-3.2.9.jar
2019-07-07 20:49:53,015 [Worker-12: Importing Maven projects] INFO  o.e.m.c.i.e.AbstractTransferListenerAdapter - Downloading https://repo.maven.apache.org/maven2/xml-resolver/xml-resolver/1.2/xml-resolver-1.2.jar
2019-07-07 20:49:53,556 [Worker-12: Importing Maven projects] INFO  o.e.m.c.i.e.AbstractTransferListenerAdapter - Downloaded https://repo.maven.apache.org/maven2/xml-resolver/xml-resolver/1.2/xml-resolver-1.2.jar
2019-07-07 20:49:53,686 [Worker-12: Importing Maven projects] INFO  o.e.m.c.i.e.AbstractTransferListenerAdapter - Downloading https://repo.maven.apache.org/maven2/org/ow2/asm/asm/7.0/asm-7.0.jar
2019-07-07 20:49:54,293 [Worker-12: Importing Maven projects] INFO  o.e.m.c.i.e.AbstractTransferListenerAdapter - Downloaded https://repo.maven.apache.org/maven2/org/ow2/asm/asm/7.0/asm-7.0.jar
2019-07-07 20:49:54,328 [Worker-8: Launching Executing install in _home_dante_Mi carpeta compartida_Codigos fuente_Maven_TestSoap] INFO  o.e.m.i.launch.MavenLaunchDelegate - /home/dante/Mi carpeta compartida/Codigos fuente/Maven/TestSoap
2019-07-07 20:49:54,328 [Worker-8: Launching Executing install in _home_dante_Mi carpeta compartida_Codigos fuente_Maven_TestSoap] INFO  o.e.m.i.launch.MavenLaunchDelegate -  mvn -B install
2019-07-07 20:49:54,452 [Worker-12: Importing Maven projects] INFO  o.e.m.c.i.e.AbstractTransferListenerAdapter - Downloading https://repo.maven.apache.org/maven2/org/apache/cxf/cxf-core/3.2.9/cxf-core-3.2.9.jar
2019-07-07 20:50:01,291 [Worker-12: Importing Maven projects] INFO  o.e.m.c.i.e.AbstractTransferListenerAdapter - Downloaded https://repo.maven.apache.org/maven2/org/apache/cxf/cxf-core/3.2.9/cxf-core-3.2.9.jar
2019-07-07 20:50:01,440 [Worker-12: Importing Maven projects] INFO  o.e.m.c.i.e.AbstractTransferListenerAdapter - Downloading https://repo.maven.apache.org/maven2/org/apache/ws/xmlschema/xmlschema-core/2.2.4/xmlschema-core-2.2.4.jar
2019-07-07 20:50:02,338 [Worker-12: Importing Maven projects] INFO  o.e.m.c.i.e.AbstractTransferListenerAdapter - Downloaded https://repo.maven.apache.org/maven2/org/apache/ws/xmlschema/xmlschema-core/2.2.4/xmlschema-core-2.2.4.jar
2019-07-07 20:50:02,479 [Worker-12: Importing Maven projects] INFO  o.e.m.c.i.e.AbstractTransferListenerAdapter - Downloading https://repo.maven.apache.org/maven2/org/apache/cxf/cxf-rt-bindings-soap/3.2.9/cxf-rt-bindings-soap-3.2.9.jar
2019-07-07 20:50:03,351 [Worker-12: Importing Maven projects] INFO  o.e.m.c.i.e.AbstractTransferListenerAdapter - Downloaded https://repo.maven.apache.org/maven2/org/apache/cxf/cxf-rt-bindings-soap/3.2.9/cxf-rt-bindings-soap-3.2.9.jar
2019-07-07 20:50:03,504 [Worker-12: Importing Maven projects] INFO  o.e.m.c.i.e.AbstractTransferListenerAdapter - Downloading https://repo.maven.apache.org/maven2/org/apache/cxf/cxf-rt-wsdl/3.2.9/cxf-rt-wsdl-3.2.9.jar
2019-07-07 20:50:04,301 [Worker-12: Importing Maven projects] INFO  o.e.m.c.i.e.AbstractTransferListenerAdapter - Downloaded https://repo.maven.apache.org/maven2/org/apache/cxf/cxf-rt-wsdl/3.2.9/cxf-rt-wsdl-3.2.9.jar
2019-07-07 20:50:04,436 [Worker-12: Importing Maven projects] INFO  o.e.m.c.i.e.AbstractTransferListenerAdapter - Downloading https://repo.maven.apache.org/maven2/wsdl4j/wsdl4j/1.6.3/wsdl4j-1.6.3.jar
2019-07-07 20:50:05,213 [Worker-12: Importing Maven projects] INFO  o.e.m.c.i.e.AbstractTransferListenerAdapter - Downloaded https://repo.maven.apache.org/maven2/wsdl4j/wsdl4j/1.6.3/wsdl4j-1.6.3.jar
2019-07-07 20:50:05,353 [Worker-12: Importing Maven projects] INFO  o.e.m.c.i.e.AbstractTransferListenerAdapter - Downloading https://repo.maven.apache.org/maven2/org/apache/cxf/cxf-rt-databinding-jaxb/3.2.9/cxf-rt-databinding-jaxb-3.2.9.jar
2019-07-07 20:50:05,736 [Worker-12: Importing Maven projects] INFO  o.e.m.c.i.e.AbstractTransferListenerAdapter - Downloaded https://repo.maven.apache.org/maven2/org/apache/cxf/cxf-rt-databinding-jaxb/3.2.9/cxf-rt-databinding-jaxb-3.2.9.jar
2019-07-07 20:50:05,857 [Worker-12: Importing Maven projects] INFO  o.e.m.c.i.e.AbstractTransferListenerAdapter - Downloading https://repo.maven.apache.org/maven2/org/apache/cxf/cxf-rt-bindings-xml/3.2.9/cxf-rt-bindings-xml-3.2.9.jar
2019-07-07 20:50:06,096 [Worker-12: Importing Maven projects] INFO  o.e.m.c.i.e.AbstractTransferListenerAdapter - Downloaded https://repo.maven.apache.org/maven2/org/apache/cxf/cxf-rt-bindings-xml/3.2.9/cxf-rt-bindings-xml-3.2.9.jar
2019-07-07 20:50:06,261 [Worker-12: Importing Maven projects] INFO  o.e.m.c.i.e.AbstractTransferListenerAdapter - Downloading https://repo.maven.apache.org/maven2/org/apache/cxf/cxf-rt-frontend-simple/3.2.9/cxf-rt-frontend-simple-3.2.9.jar
2019-07-07 20:50:06,985 [Worker-12: Importing Maven projects] INFO  o.e.m.c.i.e.AbstractTransferListenerAdapter - Downloaded https://repo.maven.apache.org/maven2/org/apache/cxf/cxf-rt-frontend-simple/3.2.9/cxf-rt-frontend-simple-3.2.9.jar
2019-07-07 20:50:07,128 [Worker-12: Importing Maven projects] INFO  o.e.m.c.i.e.AbstractTransferListenerAdapter - Downloading https://repo.maven.apache.org/maven2/org/apache/cxf/cxf-rt-ws-addr/3.2.9/cxf-rt-ws-addr-3.2.9.jar
2019-07-07 20:50:07,533 [Worker-12: Importing Maven projects] INFO  o.e.m.c.i.e.AbstractTransferListenerAdapter - Downloaded https://repo.maven.apache.org/maven2/org/apache/cxf/cxf-rt-ws-addr/3.2.9/cxf-rt-ws-addr-3.2.9.jar
2019-07-07 20:50:07,684 [Worker-12: Importing Maven projects] INFO  o.e.m.c.i.e.AbstractTransferListenerAdapter - Downloading https://repo.maven.apache.org/maven2/org/apache/cxf/cxf-rt-ws-policy/3.2.9/cxf-rt-ws-policy-3.2.9.jar
2019-07-07 20:50:09,213 [Worker-12: Importing Maven projects] INFO  o.e.m.c.i.e.AbstractTransferListenerAdapter - Downloaded https://repo.maven.apache.org/maven2/org/apache/cxf/cxf-rt-ws-policy/3.2.9/cxf-rt-ws-policy-3.2.9.jar
2019-07-07 20:50:09,341 [Worker-12: Importing Maven projects] INFO  o.e.m.c.i.e.AbstractTransferListenerAdapter - Downloading https://repo.maven.apache.org/maven2/org/apache/neethi/neethi/3.1.1/neethi-3.1.1.jar
2019-07-07 20:50:09,978 [Worker-12: Importing Maven projects] INFO  o.e.m.c.i.e.AbstractTransferListenerAdapter - Downloaded https://repo.maven.apache.org/maven2/org/apache/neethi/neethi/3.1.1/neethi-3.1.1.jar
2019-07-07 20:50:10,468 [Worker-12: Importing Maven projects] INFO  o.e.m.c.i.e.AbstractTransferListenerAdapter - Downloading https://repo.maven.apache.org/maven2/org/apache/cxf/cxf-rt-transports-http/3.2.9/cxf-rt-transports-http-3.2.9.jar
2019-07-07 20:50:13,677 [Worker-12: Importing Maven projects] INFO  o.e.m.c.i.e.AbstractTransferListenerAdapter - Downloaded https://repo.maven.apache.org/maven2/org/apache/cxf/cxf-rt-transports-http/3.2.9/cxf-rt-transports-http-3.2.9.jar
2019-07-07 20:50:13,976 [Worker-12: Importing Maven projects] INFO  o.e.m.c.i.e.AbstractTransferListenerAdapter - Downloading https://repo.maven.apache.org/maven2/org/springframework/spring-web/4.3.22.RELEASE/spring-web-4.3.22.RELEASE.jar
2019-07-07 20:50:19,536 [Worker-12: Importing Maven projects] INFO  o.e.m.c.i.e.AbstractTransferListenerAdapter - Downloaded https://repo.maven.apache.org/maven2/org/springframework/spring-web/4.3.22.RELEASE/spring-web-4.3.22.RELEASE.jar
2019-07-07 20:50:19,683 [Worker-12: Importing Maven projects] INFO  o.e.m.c.i.e.AbstractTransferListenerAdapter - Downloading https://repo.maven.apache.org/maven2/org/springframework/spring-aop/4.3.22.RELEASE/spring-aop-4.3.22.RELEASE.jar
2019-07-07 20:50:21,338 [Worker-12: Importing Maven projects] INFO  o.e.m.c.i.e.AbstractTransferListenerAdapter - Downloaded https://repo.maven.apache.org/maven2/org/springframework/spring-aop/4.3.22.RELEASE/spring-aop-4.3.22.RELEASE.jar
2019-07-07 20:50:21,499 [Worker-12: Importing Maven projects] INFO  o.e.m.c.i.e.AbstractTransferListenerAdapter - Downloading https://repo.maven.apache.org/maven2/org/springframework/spring-beans/4.3.22.RELEASE/spring-beans-4.3.22.RELEASE.jar
2019-07-07 20:50:25,571 [Worker-12: Importing Maven projects] INFO  o.e.m.c.i.e.AbstractTransferListenerAdapter - Downloaded https://repo.maven.apache.org/maven2/org/springframework/spring-beans/4.3.22.RELEASE/spring-beans-4.3.22.RELEASE.jar
2019-07-07 20:50:25,711 [Worker-12: Importing Maven projects] INFO  o.e.m.c.i.e.AbstractTransferListenerAdapter - Downloading https://repo.maven.apache.org/maven2/org/springframework/spring-context/4.3.22.RELEASE/spring-context-4.3.22.RELEASE.jar
2019-07-07 20:50:36,400 [Worker-12: Importing Maven projects] INFO  o.e.m.c.i.e.AbstractTransferListenerAdapter - Downloaded https://repo.maven.apache.org/maven2/org/springframework/spring-context/4.3.22.RELEASE/spring-context-4.3.22.RELEASE.jar
2019-07-07 20:50:36,548 [Worker-12: Importing Maven projects] INFO  o.e.m.c.i.e.AbstractTransferListenerAdapter - Downloading https://repo.maven.apache.org/maven2/org/springframework/spring-expression/4.3.22.RELEASE/spring-expression-4.3.22.RELEASE.jar
2019-07-07 20:50:39,233 [Worker-12: Importing Maven projects] INFO  o.e.m.c.i.e.AbstractTransferListenerAdapter - Downloaded https://repo.maven.apache.org/maven2/org/springframework/spring-expression/4.3.22.RELEASE/spring-expression-4.3.22.RELEASE.jar
2019-07-07 20:50:39,362 [Worker-12: Importing Maven projects] INFO  o.e.m.c.i.e.AbstractTransferListenerAdapter - Downloading https://repo.maven.apache.org/maven2/org/springframework/spring-core/4.3.22.RELEASE/spring-core-4.3.22.RELEASE.jar
2019-07-07 20:50:47,443 [Worker-12: Importing Maven projects] INFO  o.e.m.c.i.e.AbstractTransferListenerAdapter - Downloaded https://repo.maven.apache.org/maven2/org/springframework/spring-core/4.3.22.RELEASE/spring-core-4.3.22.RELEASE.jar
2019-07-07 20:50:48,327 [Worker-12: Importing Maven projects] INFO  o.e.m.j.i.AbstractJavaProjectConfigurator - Adding source folder /TestSoap/src/main/java
2019-07-07 20:50:48,328 [Worker-12: Importing Maven projects] INFO  o.e.m.j.i.AbstractJavaProjectConfigurator - Adding source folder /TestSoap/src/test/java
2019-07-07 20:50:49,710 [Worker-12: Importing Maven projects] INFO  o.e.m.c.i.p.ProjectConfigurationManager - Imported and configured 1 project(s) in 66 sec
2019-07-07 20:50:50,096 [Worker-9: Building workspace] WARN  o.e.m.c.i.embedder.EclipseLogger - Using platform encoding (UTF-8 actually) to copy filtered resources, i.e. build is platform dependent!
2019-07-07 20:50:50,097 [Worker-9: Building workspace] INFO  o.e.m.c.i.embedder.EclipseLogger - skip non existing resourceDirectory /home/dante/Mi carpeta compartida/Codigos fuente/Maven/TestSoap/src/main/resources
2019-07-07 20:50:50,100 [Worker-9: Building workspace] WARN  o.e.m.c.i.embedder.EclipseLogger - Using platform encoding (UTF-8 actually) to copy filtered resources, i.e. build is platform dependent!
2019-07-07 20:50:50,101 [Worker-9: Building workspace] INFO  o.e.m.c.i.embedder.EclipseLogger - skip non existing resourceDirectory /home/dante/Mi carpeta compartida/Codigos fuente/Maven/TestSoap/src/test/resources
2019-07-07 20:50:50,251 [Worker-11: Download sources and javadoc] INFO  o.e.m.c.i.e.AbstractTransferListenerAdapter - Downloading https://repo.maven.apache.org/maven2/org/apache/cxf/cxf-rt-frontend-jaxws/3.2.9/cxf-rt-frontend-jaxws-3.2.9-sources.jar
2019-07-07 20:50:51,234 [Worker-11: Download sources and javadoc] INFO  o.e.m.c.i.e.AbstractTransferListenerAdapter - Downloaded https://repo.maven.apache.org/maven2/org/apache/cxf/cxf-rt-frontend-jaxws/3.2.9/cxf-rt-frontend-jaxws-3.2.9-sources.jar
2019-07-07 20:50:51,258 [Worker-11: Download sources and javadoc] INFO  o.e.m.j.internal.DownloadSourcesJob - Downloaded sources for org.apache.cxf:cxf-rt-frontend-jaxws:3.2.9
2019-07-07 20:50:51,395 [Worker-11: Download sources and javadoc] INFO  o.e.m.c.i.e.AbstractTransferListenerAdapter - Downloading https://repo.maven.apache.org/maven2/xml-resolver/xml-resolver/1.2/xml-resolver-1.2-sources.jar
2019-07-07 20:50:52,203 [Worker-11: Download sources and javadoc] INFO  o.e.m.c.i.e.AbstractTransferListenerAdapter - Downloaded https://repo.maven.apache.org/maven2/xml-resolver/xml-resolver/1.2/xml-resolver-1.2-sources.jar
2019-07-07 20:50:52,224 [Worker-11: Download sources and javadoc] INFO  o.e.m.j.internal.DownloadSourcesJob - Downloaded sources for xml-resolver:xml-resolver:1.2
2019-07-07 20:50:52,366 [Worker-11: Download sources and javadoc] INFO  o.e.m.c.i.e.AbstractTransferListenerAdapter - Downloading https://repo.maven.apache.org/maven2/org/ow2/asm/asm/7.0/asm-7.0-sources.jar
2019-07-07 20:50:53,007 [Worker-11: Download sources and javadoc] INFO  o.e.m.c.i.e.AbstractTransferListenerAdapter - Downloaded https://repo.maven.apache.org/maven2/org/ow2/asm/asm/7.0/asm-7.0-sources.jar
2019-07-07 20:50:53,035 [Worker-11: Download sources and javadoc] INFO  o.e.m.j.internal.DownloadSourcesJob - Downloaded sources for org.ow2.asm:asm:7.0
2019-07-07 20:50:53,274 [Worker-11: Download sources and javadoc] INFO  o.e.m.c.i.e.AbstractTransferListenerAdapter - Downloading https://repo.maven.apache.org/maven2/org/apache/cxf/cxf-core/3.2.9/cxf-core-3.2.9-sources.jar
2019-07-07 20:50:56,877 [Worker-11: Download sources and javadoc] INFO  o.e.m.c.i.e.AbstractTransferListenerAdapter - Downloaded https://repo.maven.apache.org/maven2/org/apache/cxf/cxf-core/3.2.9/cxf-core-3.2.9-sources.jar
2019-07-07 20:50:56,894 [Worker-11: Download sources and javadoc] INFO  o.e.m.j.internal.DownloadSourcesJob - Downloaded sources for org.apache.cxf:cxf-core:3.2.9
2019-07-07 20:50:57,171 [Worker-11: Download sources and javadoc] INFO  o.e.m.c.i.e.AbstractTransferListenerAdapter - Downloading https://repo.maven.apache.org/maven2/com/fasterxml/woodstox/woodstox-core/5.0.3/woodstox-core-5.0.3-sources.jar
2019-07-07 20:51:00,715 [Worker-11: Download sources and javadoc] INFO  o.e.m.c.i.e.AbstractTransferListenerAdapter - Downloaded https://repo.maven.apache.org/maven2/com/fasterxml/woodstox/woodstox-core/5.0.3/woodstox-core-5.0.3-sources.jar
2019-07-07 20:51:00,757 [Worker-11: Download sources and javadoc] INFO  o.e.m.j.internal.DownloadSourcesJob - Downloaded sources for com.fasterxml.woodstox:woodstox-core:5.0.3
2019-07-07 20:51:00,906 [Worker-11: Download sources and javadoc] INFO  o.e.m.c.i.e.AbstractTransferListenerAdapter - Downloading https://repo.maven.apache.org/maven2/org/apache/ws/xmlschema/xmlschema-core/2.2.4/xmlschema-core-2.2.4-sources.jar
2019-07-07 20:51:02,038 [Worker-11: Download sources and javadoc] INFO  o.e.m.c.i.e.AbstractTransferListenerAdapter - Downloaded https://repo.maven.apache.org/maven2/org/apache/ws/xmlschema/xmlschema-core/2.2.4/xmlschema-core-2.2.4-sources.jar
2019-07-07 20:51:02,058 [Worker-11: Download sources and javadoc] INFO  o.e.m.j.internal.DownloadSourcesJob - Downloaded sources for org.apache.ws.xmlschema:xmlschema-core:2.2.4
2019-07-07 20:51:02,379 [Worker-11: Download sources and javadoc] INFO  o.e.m.c.i.e.AbstractTransferListenerAdapter - Downloading https://repo.maven.apache.org/maven2/org/apache/cxf/cxf-rt-bindings-soap/3.2.9/cxf-rt-bindings-soap-3.2.9-sources.jar
2019-07-07 20:51:03,334 [Worker-11: Download sources and javadoc] INFO  o.e.m.c.i.e.AbstractTransferListenerAdapter - Downloaded https://repo.maven.apache.org/maven2/org/apache/cxf/cxf-rt-bindings-soap/3.2.9/cxf-rt-bindings-soap-3.2.9-sources.jar
2019-07-07 20:51:03,350 [Worker-11: Download sources and javadoc] INFO  o.e.m.j.internal.DownloadSourcesJob - Downloaded sources for org.apache.cxf:cxf-rt-bindings-soap:3.2.9
2019-07-07 20:51:03,551 [Worker-11: Download sources and javadoc] INFO  o.e.m.c.i.e.AbstractTransferListenerAdapter - Downloading https://repo.maven.apache.org/maven2/org/apache/cxf/cxf-rt-wsdl/3.2.9/cxf-rt-wsdl-3.2.9-sources.jar
2019-07-07 20:51:04,500 [Worker-11: Download sources and javadoc] INFO  o.e.m.c.i.e.AbstractTransferListenerAdapter - Downloaded https://repo.maven.apache.org/maven2/org/apache/cxf/cxf-rt-wsdl/3.2.9/cxf-rt-wsdl-3.2.9-sources.jar
2019-07-07 20:51:04,523 [Worker-11: Download sources and javadoc] INFO  o.e.m.j.internal.DownloadSourcesJob - Downloaded sources for org.apache.cxf:cxf-rt-wsdl:3.2.9
2019-07-07 20:51:04,666 [Worker-11: Download sources and javadoc] INFO  o.e.m.c.i.e.AbstractTransferListenerAdapter - Downloading https://repo.maven.apache.org/maven2/wsdl4j/wsdl4j/1.6.3/wsdl4j-1.6.3-sources.jar
2019-07-07 20:51:05,783 [Worker-11: Download sources and javadoc] INFO  o.e.m.c.i.e.AbstractTransferListenerAdapter - Downloaded https://repo.maven.apache.org/maven2/wsdl4j/wsdl4j/1.6.3/wsdl4j-1.6.3-sources.jar
2019-07-07 20:51:05,809 [Worker-11: Download sources and javadoc] INFO  o.e.m.j.internal.DownloadSourcesJob - Downloaded sources for wsdl4j:wsdl4j:1.6.3
2019-07-07 20:51:05,993 [Worker-11: Download sources and javadoc] INFO  o.e.m.c.i.e.AbstractTransferListenerAdapter - Downloading https://repo.maven.apache.org/maven2/org/apache/cxf/cxf-rt-databinding-jaxb/3.2.9/cxf-rt-databinding-jaxb-3.2.9-sources.jar
2019-07-07 20:51:06,481 [Worker-11: Download sources and javadoc] INFO  o.e.m.c.i.e.AbstractTransferListenerAdapter - Downloaded https://repo.maven.apache.org/maven2/org/apache/cxf/cxf-rt-databinding-jaxb/3.2.9/cxf-rt-databinding-jaxb-3.2.9-sources.jar
2019-07-07 20:51:06,505 [Worker-11: Download sources and javadoc] INFO  o.e.m.j.internal.DownloadSourcesJob - Downloaded sources for org.apache.cxf:cxf-rt-databinding-jaxb:3.2.9
2019-07-07 20:51:06,708 [Worker-11: Download sources and javadoc] INFO  o.e.m.c.i.e.AbstractTransferListenerAdapter - Downloading https://repo.maven.apache.org/maven2/org/apache/cxf/cxf-rt-bindings-xml/3.2.9/cxf-rt-bindings-xml-3.2.9-sources.jar
2019-07-07 20:51:06,744 [Worker-2: Importing Maven projects] INFO  o.e.m.c.i.l.LifecycleMappingFactory - Using org.maven.ide.eclipse.wtp.WarLifecycleMapping lifecycle mapping for MavenProject: org.tec:testRest:1.0-SNAPSHOT @ /home/dante/Mi carpeta compartida/Codigos fuente/Maven/testRest/pom.xml.
2019-07-07 20:51:06,868 [Worker-2: Importing Maven projects] INFO  o.e.m.j.i.AbstractJavaProjectConfigurator - Adding source folder /testRest/src/main/java
2019-07-07 20:51:06,869 [Worker-2: Importing Maven projects] INFO  o.e.m.j.i.AbstractJavaProjectConfigurator - Adding source folder /testRest/src/test/java
2019-07-07 20:51:06,937 [Worker-11: Download sources and javadoc] INFO  o.e.m.c.i.e.AbstractTransferListenerAdapter - Downloaded https://repo.maven.apache.org/maven2/org/apache/cxf/cxf-rt-bindings-xml/3.2.9/cxf-rt-bindings-xml-3.2.9-sources.jar
2019-07-07 20:51:06,958 [Worker-11: Download sources and javadoc] INFO  o.e.m.j.internal.DownloadSourcesJob - Downloaded sources for org.apache.cxf:cxf-rt-bindings-xml:3.2.9
2019-07-07 20:51:06,988 [Worker-2: Importing Maven projects] INFO  o.e.m.c.i.p.ProjectConfigurationManager - Imported and configured 1 project(s) in 0 sec
2019-07-07 20:51:07,168 [Worker-11: Download sources and javadoc] INFO  o.e.m.c.i.e.AbstractTransferListenerAdapter - Downloading https://repo.maven.apache.org/maven2/org/apache/cxf/cxf-rt-frontend-simple/3.2.9/cxf-rt-frontend-simple-3.2.9-sources.jar
2019-07-07 20:51:07,386 [Worker-3: Building workspace] WARN  o.e.m.c.i.embedder.EclipseLogger - Using platform encoding (UTF-8 actually) to copy filtered resources, i.e. build is platform dependent!
2019-07-07 20:51:07,387 [Worker-3: Building workspace] INFO  o.e.m.c.i.embedder.EclipseLogger - skip non existing resourceDirectory /home/dante/Mi carpeta compartida/Codigos fuente/Maven/testRest/src/main/resources
2019-07-07 20:51:07,389 [Worker-3: Building workspace] WARN  o.e.m.c.i.embedder.EclipseLogger - Using platform encoding (UTF-8 actually) to copy filtered resources, i.e. build is platform dependent!
2019-07-07 20:51:07,389 [Worker-3: Building workspace] INFO  o.e.m.c.i.embedder.EclipseLogger - skip non existing resourceDirectory /home/dante/Mi carpeta compartida/Codigos fuente/Maven/testRest/src/test/resources
2019-07-07 20:51:07,550 [Worker-11: Download sources and javadoc] INFO  o.e.m.c.i.e.AbstractTransferListenerAdapter - Downloaded https://repo.maven.apache.org/maven2/org/apache/cxf/cxf-rt-frontend-simple/3.2.9/cxf-rt-frontend-simple-3.2.9-sources.jar
2019-07-07 20:51:07,571 [Worker-11: Download sources and javadoc] INFO  o.e.m.j.internal.DownloadSourcesJob - Downloaded sources for org.apache.cxf:cxf-rt-frontend-simple:3.2.9
2019-07-07 20:51:07,779 [Worker-11: Download sources and javadoc] INFO  o.e.m.c.i.e.AbstractTransferListenerAdapter - Downloading https://repo.maven.apache.org/maven2/org/apache/cxf/cxf-rt-ws-addr/3.2.9/cxf-rt-ws-addr-3.2.9-sources.jar
2019-07-07 20:51:08,161 [Worker-11: Download sources and javadoc] INFO  o.e.m.c.i.e.AbstractTransferListenerAdapter - Downloaded https://repo.maven.apache.org/maven2/org/apache/cxf/cxf-rt-ws-addr/3.2.9/cxf-rt-ws-addr-3.2.9-sources.jar
2019-07-07 20:51:08,177 [Worker-11: Download sources and javadoc] INFO  o.e.m.j.internal.DownloadSourcesJob - Downloaded sources for org.apache.cxf:cxf-rt-ws-addr:3.2.9
2019-07-07 20:51:08,380 [Worker-11: Download sources and javadoc] INFO  o.e.m.c.i.e.AbstractTransferListenerAdapter - Downloading https://repo.maven.apache.org/maven2/org/apache/cxf/cxf-rt-ws-policy/3.2.9/cxf-rt-ws-policy-3.2.9-sources.jar
2019-07-07 20:51:09,363 [Worker-11: Download sources and javadoc] INFO  o.e.m.c.i.e.AbstractTransferListenerAdapter - Downloaded https://repo.maven.apache.org/maven2/org/apache/cxf/cxf-rt-ws-policy/3.2.9/cxf-rt-ws-policy-3.2.9-sources.jar
2019-07-07 20:51:09,385 [Worker-11: Download sources and javadoc] INFO  o.e.m.j.internal.DownloadSourcesJob - Downloaded sources for org.apache.cxf:cxf-rt-ws-policy:3.2.9
2019-07-07 20:51:09,531 [Worker-11: Download sources and javadoc] INFO  o.e.m.c.i.e.AbstractTransferListenerAdapter - Downloading https://repo.maven.apache.org/maven2/org/apache/neethi/neethi/3.1.1/neethi-3.1.1-sources.jar
2019-07-07 20:51:09,907 [Worker-11: Download sources and javadoc] INFO  o.e.m.c.i.e.AbstractTransferListenerAdapter - Downloaded https://repo.maven.apache.org/maven2/org/apache/neethi/neethi/3.1.1/neethi-3.1.1-sources.jar
2019-07-07 20:51:09,930 [Worker-11: Download sources and javadoc] INFO  o.e.m.j.internal.DownloadSourcesJob - Downloaded sources for org.apache.neethi:neethi:3.1.1
2019-07-07 20:51:10,159 [Worker-11: Download sources and javadoc] INFO  o.e.m.c.i.e.AbstractTransferListenerAdapter - Downloading https://repo.maven.apache.org/maven2/org/apache/cxf/cxf-rt-transports-http/3.2.9/cxf-rt-transports-http-3.2.9-sources.jar
2019-07-07 20:51:11,263 [Worker-11: Download sources and javadoc] INFO  o.e.m.c.i.e.AbstractTransferListenerAdapter - Downloaded https://repo.maven.apache.org/maven2/org/apache/cxf/cxf-rt-transports-http/3.2.9/cxf-rt-transports-http-3.2.9-sources.jar
2019-07-07 20:51:11,280 [Worker-11: Download sources and javadoc] INFO  o.e.m.j.internal.DownloadSourcesJob - Downloaded sources for org.apache.cxf:cxf-rt-transports-http:3.2.9
2019-07-07 20:51:11,435 [Worker-11: Download sources and javadoc] INFO  o.e.m.c.i.e.AbstractTransferListenerAdapter - Downloading https://repo.maven.apache.org/maven2/org/springframework/spring-web/4.3.22.RELEASE/spring-web-4.3.22.RELEASE-sources.jar
2019-07-07 20:51:14,582 [Worker-11: Download sources and javadoc] INFO  o.e.m.c.i.e.AbstractTransferListenerAdapter - Downloaded https://repo.maven.apache.org/maven2/org/springframework/spring-web/4.3.22.RELEASE/spring-web-4.3.22.RELEASE-sources.jar
2019-07-07 20:51:14,608 [Worker-11: Download sources and javadoc] INFO  o.e.m.j.internal.DownloadSourcesJob - Downloaded sources for org.springframework:spring-web:4.3.22.RELEASE
2019-07-07 20:51:14,751 [Worker-11: Download sources and javadoc] INFO  o.e.m.c.i.e.AbstractTransferListenerAdapter - Downloading https://repo.maven.apache.org/maven2/org/springframework/spring-aop/4.3.22.RELEASE/spring-aop-4.3.22.RELEASE-sources.jar
2019-07-07 20:51:16,146 [Worker-11: Download sources and javadoc] INFO  o.e.m.c.i.e.AbstractTransferListenerAdapter - Downloaded https://repo.maven.apache.org/maven2/org/springframework/spring-aop/4.3.22.RELEASE/spring-aop-4.3.22.RELEASE-sources.jar
2019-07-07 20:51:16,168 [Worker-11: Download sources and javadoc] INFO  o.e.m.j.internal.DownloadSourcesJob - Downloaded sources for org.springframework:spring-aop:4.3.22.RELEASE
2019-07-07 20:51:16,344 [Worker-11: Download sources and javadoc] INFO  o.e.m.c.i.e.AbstractTransferListenerAdapter - Downloading https://repo.maven.apache.org/maven2/org/springframework/spring-beans/4.3.22.RELEASE/spring-beans-4.3.22.RELEASE-sources.jar
2019-07-07 20:51:20,572 [Worker-11: Download sources and javadoc] INFO  o.e.m.c.i.e.AbstractTransferListenerAdapter - Downloaded https://repo.maven.apache.org/maven2/org/springframework/spring-beans/4.3.22.RELEASE/spring-beans-4.3.22.RELEASE-sources.jar
2019-07-07 20:51:20,587 [Worker-11: Download sources and javadoc] INFO  o.e.m.j.internal.DownloadSourcesJob - Downloaded sources for org.springframework:spring-beans:4.3.22.RELEASE
2019-07-07 20:51:20,984 [Worker-11: Download sources and javadoc] INFO  o.e.m.c.i.e.AbstractTransferListenerAdapter - Downloading https://repo.maven.apache.org/maven2/org/springframework/spring-context/4.3.22.RELEASE/spring-context-4.3.22.RELEASE-sources.jar
2019-07-07 20:51:27,503 [Worker-11: Download sources and javadoc] INFO  o.e.m.c.i.e.AbstractTransferListenerAdapter - Downloaded https://repo.maven.apache.org/maven2/org/springframework/spring-context/4.3.22.RELEASE/spring-context-4.3.22.RELEASE-sources.jar
2019-07-07 20:51:27,533 [Worker-11: Download sources and javadoc] INFO  o.e.m.j.internal.DownloadSourcesJob - Downloaded sources for org.springframework:spring-context:4.3.22.RELEASE
2019-07-07 20:51:27,694 [Worker-11: Download sources and javadoc] INFO  o.e.m.c.i.e.AbstractTransferListenerAdapter - Downloading https://repo.maven.apache.org/maven2/org/springframework/spring-expression/4.3.22.RELEASE/spring-expression-4.3.22.RELEASE-sources.jar
2019-07-07 20:51:28,916 [Worker-11: Download sources and javadoc] INFO  o.e.m.c.i.e.AbstractTransferListenerAdapter - Downloaded https://repo.maven.apache.org/maven2/org/springframework/spring-expression/4.3.22.RELEASE/spring-expression-4.3.22.RELEASE-sources.jar
2019-07-07 20:51:28,939 [Worker-11: Download sources and javadoc] INFO  o.e.m.j.internal.DownloadSourcesJob - Downloaded sources for org.springframework:spring-expression:4.3.22.RELEASE
2019-07-07 20:51:29,111 [Worker-11: Download sources and javadoc] INFO  o.e.m.c.i.e.AbstractTransferListenerAdapter - Downloading https://repo.maven.apache.org/maven2/org/springframework/spring-core/4.3.22.RELEASE/spring-core-4.3.22.RELEASE-sources.jar
2019-07-07 20:51:34,495 [Worker-11: Download sources and javadoc] INFO  o.e.m.c.i.e.AbstractTransferListenerAdapter - Downloaded https://repo.maven.apache.org/maven2/org/springframework/spring-core/4.3.22.RELEASE/spring-core-4.3.22.RELEASE-sources.jar
2019-07-07 20:51:34,516 [Worker-11: Download sources and javadoc] INFO  o.e.m.j.internal.DownloadSourcesJob - Downloaded sources for org.springframework:spring-core:4.3.22.RELEASE
2019-07-07 20:51:34,517 [Worker-11: Download sources and javadoc] INFO  o.e.m.j.internal.DownloadSourcesJob - Downloaded sources for org.apache.cxf:cxf-rt-frontend-jaxws:3.2.9
2019-07-07 20:51:34,518 [Worker-11: Download sources and javadoc] INFO  o.e.m.j.internal.DownloadSourcesJob - Downloaded sources for xml-resolver:xml-resolver:1.2
2019-07-07 20:51:34,519 [Worker-11: Download sources and javadoc] INFO  o.e.m.j.internal.DownloadSourcesJob - Downloaded sources for org.ow2.asm:asm:7.0
2019-07-07 20:51:34,521 [Worker-11: Download sources and javadoc] INFO  o.e.m.j.internal.DownloadSourcesJob - Downloaded sources for org.apache.cxf:cxf-core:3.2.9
2019-07-07 20:51:34,522 [Worker-11: Download sources and javadoc] INFO  o.e.m.j.internal.DownloadSourcesJob - Downloaded sources for com.fasterxml.woodstox:woodstox-core:5.0.3
2019-07-07 20:51:34,523 [Worker-11: Download sources and javadoc] INFO  o.e.m.j.internal.DownloadSourcesJob - Downloaded sources for org.apache.ws.xmlschema:xmlschema-core:2.2.4
2019-07-07 20:51:34,524 [Worker-11: Download sources and javadoc] INFO  o.e.m.j.internal.DownloadSourcesJob - Downloaded sources for org.apache.cxf:cxf-rt-bindings-soap:3.2.9
2019-07-07 20:51:34,525 [Worker-11: Download sources and javadoc] INFO  o.e.m.j.internal.DownloadSourcesJob - Downloaded sources for org.apache.cxf:cxf-rt-wsdl:3.2.9
2019-07-07 20:51:34,527 [Worker-11: Download sources and javadoc] INFO  o.e.m.j.internal.DownloadSourcesJob - Downloaded sources for wsdl4j:wsdl4j:1.6.3
2019-07-07 20:51:34,528 [Worker-11: Download sources and javadoc] INFO  o.e.m.j.internal.DownloadSourcesJob - Downloaded sources for org.apache.cxf:cxf-rt-databinding-jaxb:3.2.9
2019-07-07 20:51:34,530 [Worker-11: Download sources and javadoc] INFO  o.e.m.j.internal.DownloadSourcesJob - Downloaded sources for org.apache.cxf:cxf-rt-bindings-xml:3.2.9
2019-07-07 20:51:34,530 [Worker-11: Download sources and javadoc] INFO  o.e.m.j.internal.DownloadSourcesJob - Downloaded sources for org.apache.cxf:cxf-rt-frontend-simple:3.2.9
2019-07-07 20:51:34,531 [Worker-11: Download sources and javadoc] INFO  o.e.m.j.internal.DownloadSourcesJob - Downloaded sources for org.apache.cxf:cxf-rt-ws-addr:3.2.9
2019-07-07 20:51:34,532 [Worker-11: Download sources and javadoc] INFO  o.e.m.j.internal.DownloadSourcesJob - Downloaded sources for org.apache.cxf:cxf-rt-ws-policy:3.2.9
2019-07-07 20:51:34,533 [Worker-11: Download sources and javadoc] INFO  o.e.m.j.internal.DownloadSourcesJob - Downloaded sources for org.apache.neethi:neethi:3.1.1
2019-07-07 20:51:34,534 [Worker-11: Download sources and javadoc] INFO  o.e.m.j.internal.DownloadSourcesJob - Downloaded sources for org.apache.cxf:cxf-rt-transports-http:3.2.9
2019-07-07 20:51:34,535 [Worker-11: Download sources and javadoc] INFO  o.e.m.j.internal.DownloadSourcesJob - Downloaded sources for org.springframework:spring-web:4.3.22.RELEASE
2019-07-07 20:51:34,536 [Worker-11: Download sources and javadoc] INFO  o.e.m.j.internal.DownloadSourcesJob - Downloaded sources for org.springframework:spring-aop:4.3.22.RELEASE
2019-07-07 20:51:34,537 [Worker-11: Download sources and javadoc] INFO  o.e.m.j.internal.DownloadSourcesJob - Downloaded sources for org.springframework:spring-beans:4.3.22.RELEASE
2019-07-07 20:51:34,539 [Worker-11: Download sources and javadoc] INFO  o.e.m.j.internal.DownloadSourcesJob - Downloaded sources for org.springframework:spring-context:4.3.22.RELEASE
2019-07-07 20:51:34,540 [Worker-11: Download sources and javadoc] INFO  o.e.m.j.internal.DownloadSourcesJob - Downloaded sources for org.springframework:spring-expression:4.3.22.RELEASE
2019-07-07 20:51:34,542 [Worker-11: Download sources and javadoc] INFO  o.e.m.j.internal.DownloadSourcesJob - Downloaded sources for org.springframework:spring-core:4.3.22.RELEASE
2019-07-07 20:51:34,749 [Worker-12: Building workspace] WARN  o.e.m.c.i.embedder.EclipseLogger - Using platform encoding (UTF-8 actually) to copy filtered resources, i.e. build is platform dependent!
2019-07-07 20:51:34,749 [Worker-12: Building workspace] INFO  o.e.m.c.i.embedder.EclipseLogger - skip non existing resourceDirectory /home/dante/Mi carpeta compartida/Codigos fuente/Maven/TestSoap/src/main/resources
2019-07-07 20:51:34,750 [Worker-12: Building workspace] WARN  o.e.m.c.i.embedder.EclipseLogger - Using platform encoding (UTF-8 actually) to copy filtered resources, i.e. build is platform dependent!
2019-07-07 20:51:34,750 [Worker-12: Building workspace] INFO  o.e.m.c.i.embedder.EclipseLogger - skip non existing resourceDirectory /home/dante/Mi carpeta compartida/Codigos fuente/Maven/TestSoap/src/test/resources
2019-07-07 20:55:08,397 [Worker-6: Importing Maven projects] INFO  o.e.m.c.i.l.LifecycleMappingFactory - Using org.maven.ide.eclipse.wtp.WarLifecycleMapping lifecycle mapping for MavenProject: org.tecn:TestRest:1.0-SNAPSHOT @ /home/dante/Mi carpeta compartida/Codigos fuente/Maven/TestRest/pom.xml.
2019-07-07 20:55:08,491 [Worker-6: Importing Maven projects] INFO  o.e.m.j.i.AbstractJavaProjectConfigurator - Adding source folder /TestRest/src/main/java
2019-07-07 20:55:08,491 [Worker-6: Importing Maven projects] INFO  o.e.m.j.i.AbstractJavaProjectConfigurator - Adding source folder /TestRest/src/test/java
2019-07-07 20:55:08,756 [Worker-6: Importing Maven projects] INFO  o.e.m.c.i.p.ProjectConfigurationManager - Imported and configured 1 project(s) in 0 sec
2019-07-07 20:55:09,012 [Worker-14: Building workspace] WARN  o.e.m.c.i.embedder.EclipseLogger - Using platform encoding (UTF-8 actually) to copy filtered resources, i.e. build is platform dependent!
2019-07-07 20:55:09,013 [Worker-14: Building workspace] INFO  o.e.m.c.i.embedder.EclipseLogger - skip non existing resourceDirectory /home/dante/Mi carpeta compartida/Codigos fuente/Maven/TestRest/src/main/resources
2019-07-07 20:55:09,014 [Worker-14: Building workspace] WARN  o.e.m.c.i.embedder.EclipseLogger - Using platform encoding (UTF-8 actually) to copy filtered resources, i.e. build is platform dependent!
2019-07-07 20:55:09,015 [Worker-14: Building workspace] INFO  o.e.m.c.i.embedder.EclipseLogger - skip non existing resourceDirectory /home/dante/Mi carpeta compartida/Codigos fuente/Maven/TestRest/src/test/resources
2019-07-07 20:55:14,359 [Worker-6: Building workspace] WARN  o.e.m.c.i.embedder.EclipseLogger - Using platform encoding (UTF-8 actually) to copy filtered resources, i.e. build is platform dependent!
2019-07-07 20:55:14,359 [Worker-6: Building workspace] INFO  o.e.m.c.i.embedder.EclipseLogger - skip non existing resourceDirectory /home/dante/Mi carpeta compartida/Codigos fuente/Maven/TestRest/src/main/resources
2019-07-07 20:55:14,360 [Worker-6: Building workspace] WARN  o.e.m.c.i.embedder.EclipseLogger - Using platform encoding (UTF-8 actually) to copy filtered resources, i.e. build is platform dependent!
2019-07-07 20:55:14,360 [Worker-6: Building workspace] INFO  o.e.m.c.i.embedder.EclipseLogger - skip non existing resourceDirectory /home/dante/Mi carpeta compartida/Codigos fuente/Maven/TestRest/src/test/resources
2019-07-07 20:55:32,847 [Worker-3: Building workspace] INFO  o.e.m.c.i.l.LifecycleMappingFactory - Using org.maven.ide.eclipse.wtp.WarLifecycleMapping lifecycle mapping for MavenProject: org.tecn:TestRest:1.0-SNAPSHOT @ /home/dante/Mi carpeta compartida/Codigos fuente/Maven/TestRest/pom.xml.
2019-07-07 20:55:32,946 [Worker-3: Building workspace] WARN  o.e.m.c.i.embedder.EclipseLogger - Using platform encoding (UTF-8 actually) to copy filtered resources, i.e. build is platform dependent!
2019-07-07 20:55:32,946 [Worker-3: Building workspace] INFO  o.e.m.c.i.embedder.EclipseLogger - skip non existing resourceDirectory /home/dante/Mi carpeta compartida/Codigos fuente/Maven/TestRest/src/main/resources
2019-07-07 20:55:32,947 [Worker-3: Building workspace] WARN  o.e.m.c.i.embedder.EclipseLogger - Using platform encoding (UTF-8 actually) to copy filtered resources, i.e. build is platform dependent!
2019-07-07 20:55:32,948 [Worker-3: Building workspace] INFO  o.e.m.c.i.embedder.EclipseLogger - skip non existing resourceDirectory /home/dante/Mi carpeta compartida/Codigos fuente/Maven/TestRest/src/test/resources
2019-07-07 20:55:32,948 [Worker-3: Building workspace] INFO  o.e.m.w.i.f.ResourceFilteringBuildParticipant - Changed resources require a complete clean of filtered resources of TestRest
2019-07-07 20:55:32,948 [Worker-3: Building workspace] INFO  o.e.m.w.i.f.ResourceFilteringBuildParticipant - Executing resource filtering for TestRest
2019-07-07 20:55:32,953 [Worker-3: Building workspace] WARN  o.e.m.c.i.embedder.EclipseLogger - Using platform encoding (UTF-8 actually) to copy filtered resources, i.e. build is platform dependent!
2019-07-07 20:55:43,385 [Worker-3: Building workspace] WARN  o.e.m.c.i.embedder.EclipseLogger - Using platform encoding (UTF-8 actually) to copy filtered resources, i.e. build is platform dependent!
2019-07-07 20:55:43,386 [Worker-3: Building workspace] INFO  o.e.m.c.i.embedder.EclipseLogger - skip non existing resourceDirectory /home/dante/Mi carpeta compartida/Codigos fuente/Maven/TestRest/src/main/resources
2019-07-07 20:55:43,388 [Worker-3: Building workspace] WARN  o.e.m.c.i.embedder.EclipseLogger - Using platform encoding (UTF-8 actually) to copy filtered resources, i.e. build is platform dependent!
2019-07-07 20:55:43,389 [Worker-3: Building workspace] INFO  o.e.m.c.i.embedder.EclipseLogger - skip non existing resourceDirectory /home/dante/Mi carpeta compartida/Codigos fuente/Maven/TestRest/src/test/resources
2019-07-07 20:55:51,240 [Worker-6: Launching Executing install in _home_dante_Mi carpeta compartida_Codigos fuente_Maven_TestRest] INFO  o.e.m.i.launch.MavenLaunchDelegate - /home/dante/Mi carpeta compartida/Codigos fuente/Maven/TestRest
2019-07-07 20:55:51,241 [Worker-6: Launching Executing install in _home_dante_Mi carpeta compartida_Codigos fuente_Maven_TestRest] INFO  o.e.m.i.launch.MavenLaunchDelegate -  mvn -B install
2019-07-07 20:56:02,259 [Worker-16: Building workspace] WARN  o.e.m.c.i.embedder.EclipseLogger - Using platform encoding (UTF-8 actually) to copy filtered resources, i.e. build is platform dependent!
2019-07-07 20:56:02,260 [Worker-16: Building workspace] INFO  o.e.m.c.i.embedder.EclipseLogger - skip non existing resourceDirectory /home/dante/Mi carpeta compartida/Codigos fuente/Maven/TestRest/src/main/resources
2019-07-07 20:56:02,263 [Worker-16: Building workspace] WARN  o.e.m.c.i.embedder.EclipseLogger - Using platform encoding (UTF-8 actually) to copy filtered resources, i.e. build is platform dependent!
2019-07-07 20:56:02,265 [Worker-16: Building workspace] INFO  o.e.m.c.i.embedder.EclipseLogger - skip non existing resourceDirectory /home/dante/Mi carpeta compartida/Codigos fuente/Maven/TestRest/src/test/resources
2019-07-07 20:56:27,867 [Worker-3: Launching Executing install in _home_dante_Mi carpeta compartida_Codigos fuente_Maven_TestSoap] INFO  o.e.m.i.launch.MavenLaunchDelegate - /home/dante/Mi carpeta compartida/Codigos fuente/Maven/TestSoap
2019-07-07 20:56:27,867 [Worker-3: Launching Executing install in _home_dante_Mi carpeta compartida_Codigos fuente_Maven_TestSoap] INFO  o.e.m.i.launch.MavenLaunchDelegate -  mvn -B install
2019-07-07 20:56:33,752 [Worker-15: Building workspace] WARN  o.e.m.c.i.embedder.EclipseLogger - Using platform encoding (UTF-8 actually) to copy filtered resources, i.e. build is platform dependent!
2019-07-07 20:56:33,752 [Worker-15: Building workspace] INFO  o.e.m.c.i.embedder.EclipseLogger - skip non existing resourceDirectory /home/dante/Mi carpeta compartida/Codigos fuente/Maven/TestSoap/src/main/resources
2019-07-07 20:56:33,754 [Worker-15: Building workspace] WARN  o.e.m.c.i.embedder.EclipseLogger - Using platform encoding (UTF-8 actually) to copy filtered resources, i.e. build is platform dependent!
2019-07-07 20:56:33,757 [Worker-15: Building workspace] INFO  o.e.m.c.i.embedder.EclipseLogger - skip non existing resourceDirectory /home/dante/Mi carpeta compartida/Codigos fuente/Maven/TestSoap/src/test/resources
